<?xml version="1.0" encoding="UTF-8"?>
<!-- Generated by org.testng.reporters.JUnitReportReporter -->
<testsuite hostname="Gill" failures="0" tests="1" name="TestNG.Testng" time="0.004" errors="0" timestamp="2022-07-16T13:41:46 EDT" skipped="0">
  <testcase classname="TestNG.Testng" name="googleTitleTest" time="0.004"/>
  <system-out/>
</testsuite> <!-- TestNG.Testng -->
