<?xml version="1.0" encoding="UTF-8"?>
<!-- Generated by org.testng.reporters.JUnitReportReporter -->
<testsuite hostname="Gill" failures="0" tests="10" name="TestNG.testng4" time="0.013" errors="0" timestamp="2022-07-16T14:19:49 EDT" skipped="0">
  <testcase classname="TestNG.testng4" name="sum" time="0.006"/>
  <system-out/>
  <testcase classname="TestNG.testng4" name="sum" time="0.000"/>
  <system-out/>
  <testcase classname="TestNG.testng4" name="sum" time="0.001"/>
  <system-out/>
  <testcase classname="TestNG.testng4" name="sum" time="0.001"/>
  <system-out/>
  <testcase classname="TestNG.testng4" name="sum" time="0.001"/>
  <system-out/>
  <testcase classname="TestNG.testng4" name="sum" time="0.001"/>
  <system-out/>
  <testcase classname="TestNG.testng4" name="sum" time="0.001"/>
  <system-out/>
  <testcase classname="TestNG.testng4" name="sum" time="0.001"/>
  <system-out/>
  <testcase classname="TestNG.testng4" name="sum" time="0.001"/>
  <system-out/>
  <testcase classname="TestNG.testng4" name="sum" time="0.000"/>
  <system-out/>
</testsuite> <!-- TestNG.testng4 -->
