<?xml version="1.0" encoding="UTF-8"?>
<!-- Generated by org.testng.reporters.JUnitReportReporter -->
<testsuite hostname="Gill" failures="0" tests="2" name="Practice.tc" time="35.688" errors="0" timestamp="2022-07-19T20:51:05 EDT" skipped="0">
  <testcase classname="Practice.tc" name="t_1_RegisterUser" time="4.328"/>
  <system-out/>
  <testcase classname="Practice.tc" name="t_2_RegisterUser" time="31.360"/>
  <system-out/>
</testsuite> <!-- Practice.tc -->
