<?xml version="1.0" encoding="UTF-8"?>
<!-- Generated by org.testng.reporters.JUnitReportReporter -->
<testsuite hostname="Gill" failures="0" tests="2" name="Practice.TC_HomePage" time="13.269" errors="0" timestamp="2022-07-20T15:32:12 EDT" skipped="0">
  <testcase classname="Practice.TC_HomePage" name="t_001_Validate_Login" time="6.092"/>
  <system-out/>
  <testcase classname="Practice.TC_HomePage" name="t_002_Validate_Login" time="7.177"/>
  <system-out/>
</testsuite> <!-- Practice.TC_HomePage -->
