<?xml version="1.0" encoding="UTF-8"?>
<!-- Generated by org.testng.reporters.JUnitReportReporter -->
<testsuite hostname="Gill" failures="0" tests="1" name="productDemoApp.tc.TC_HomePage" time="10.280" errors="0" timestamp="2022-08-07T01:00:45 EDT" skipped="0">
  <testcase classname="productDemoApp.tc.TC_HomePage" name="t_01_Validate_Form" time="10.280"/>
  <system-out/>
</testsuite> <!-- productDemoApp.tc.TC_HomePage -->
