<?xml version="1.0" encoding="UTF-8"?>
<!-- Generated by org.testng.reporters.JUnitReportReporter -->
<testsuite hostname="Gill" failures="0" tests="3" name="TestNG.googleTest" time="17.668" errors="0" timestamp="2022-07-17T15:23:35 EDT" skipped="0">
  <testcase classname="TestNG.googleTest" name="googleLogoTest" time="5.660"/>
  <system-out/>
  <testcase classname="TestNG.googleTest" name="googleTitleTest" time="6.399"/>
  <system-out/>
  <testcase classname="TestNG.googleTest" name="googleGmailTest" time="5.609"/>
  <system-out/>
</testsuite> <!-- TestNG.googleTest -->
