<?xml version="1.0" encoding="UTF-8"?>
<!-- Generated by org.testng.reporters.JUnitReportReporter -->
<testsuite hostname="Gill" failures="0" tests="6" name="TestNG.testng2" time="0.010" errors="0" timestamp="2022-07-18T18:19:45 EDT" skipped="0">
  <testcase classname="TestNG.testng2" name="googleTitleTest" time="0.006"/>
  <system-out/>
  <testcase classname="TestNG.testng2" name="googleGmailTest" time="0.002"/>
  <system-out/>
  <testcase classname="TestNG.testng2" name="googleSearchTest" time="0.000"/>
  <system-out/>
  <testcase classname="TestNG.testng2" name="Test4" time="0.001"/>
  <system-out/>
  <testcase classname="TestNG.testng2" name="Test5" time="0.000"/>
  <system-out/>
  <testcase classname="TestNG.testng2" name="Test6" time="0.001"/>
  <system-out/>
</testsuite> <!-- TestNG.testng2 -->
