<?xml version="1.0" encoding="UTF-8"?>
<!-- Generated by org.testng.reporters.JUnitReportReporter -->
<testsuite hostname="Gill" failures="0" tests="4" name="BOOT_Cal.TC_BOOT_Cal" time="23.963" errors="0" timestamp="2022-07-23T13:50:32 EDT" skipped="0">
  <testcase classname="BOOT_Cal.TC_BOOT_Cal" name="TC001_Title_Verification" time="3.051"/>
  <system-out/>
  <testcase classname="BOOT_Cal.TC_BOOT_Cal" name="TC004_Link_Verification_Test_On_HomePage" time="8.757"/>
  <system-out/>
  <testcase classname="BOOT_Cal.TC_BOOT_Cal" name="TC002_Verify_Search_Button_Functionality" time="6.604"/>
  <system-out/>
  <testcase classname="BOOT_Cal.TC_BOOT_Cal" name="TC003_Verify_Search_Functionality_With_Non_Alaphabetical_Inputs" time="5.551"/>
  <system-out/>
</testsuite> <!-- BOOT_Cal.TC_BOOT_Cal -->
